[2025-04-16T15:38:03.380+0000] {processor.py:186} INFO - Started process (PID=166) to work on /opt/airflow/dags/vital_signs_dag.py
[2025-04-16T15:38:03.381+0000] {processor.py:914} INFO - Processing file /opt/airflow/dags/vital_signs_dag.py for tasks to queue
[2025-04-16T15:38:03.386+0000] {logging_mixin.py:190} INFO - [2025-04-16T15:38:03.385+0000] {dagbag.py:588} INFO - Filling up the DagBag from /opt/airflow/dags/vital_signs_dag.py
[2025-04-16T15:38:04.042+0000] {processor.py:925} INFO - DAG(s) 'vital_signs' retrieved from /opt/airflow/dags/vital_signs_dag.py
[2025-04-16T15:38:04.938+0000] {logging_mixin.py:190} INFO - [2025-04-16T15:38:04.936+0000] {override.py:1912} INFO - Created Permission View: can delete on DAG:vital_signs
[2025-04-16T15:38:04.965+0000] {logging_mixin.py:190} INFO - [2025-04-16T15:38:04.964+0000] {override.py:1912} INFO - Created Permission View: can edit on DAG:vital_signs
[2025-04-16T15:38:04.982+0000] {logging_mixin.py:190} INFO - [2025-04-16T15:38:04.982+0000] {override.py:1912} INFO - Created Permission View: can read on DAG:vital_signs
[2025-04-16T15:38:05.001+0000] {logging_mixin.py:190} INFO - [2025-04-16T15:38:05.000+0000] {override.py:1912} INFO - Created Permission View: can delete on DAG Run:vital_signs
[2025-04-16T15:38:05.019+0000] {logging_mixin.py:190} INFO - [2025-04-16T15:38:05.018+0000] {override.py:1912} INFO - Created Permission View: can create on DAG Run:vital_signs
[2025-04-16T15:38:05.033+0000] {logging_mixin.py:190} INFO - [2025-04-16T15:38:05.032+0000] {override.py:1912} INFO - Created Permission View: menu access on DAG Run:vital_signs
[2025-04-16T15:38:05.046+0000] {logging_mixin.py:190} INFO - [2025-04-16T15:38:05.046+0000] {override.py:1912} INFO - Created Permission View: can read on DAG Run:vital_signs
[2025-04-16T15:38:05.048+0000] {logging_mixin.py:190} INFO - [2025-04-16T15:38:05.047+0000] {dag.py:3239} INFO - Sync 1 DAGs
[2025-04-16T15:38:05.084+0000] {logging_mixin.py:190} INFO - [2025-04-16T15:38:05.082+0000] {dag.py:3262} INFO - Creating ORM DAG for vital_signs
[2025-04-16T15:38:05.128+0000] {logging_mixin.py:190} INFO - [2025-04-16T15:38:05.124+0000] {dag.py:4180} INFO - Setting next_dagrun for vital_signs to 2025-05-01 00:00:00+00:00, run_after=2025-06-01 00:00:00+00:00
[2025-04-16T15:38:05.172+0000] {processor.py:208} INFO - Processing /opt/airflow/dags/vital_signs_dag.py took 1.807 seconds
[2025-04-16T15:38:35.458+0000] {processor.py:186} INFO - Started process (PID=171) to work on /opt/airflow/dags/vital_signs_dag.py
[2025-04-16T15:38:35.461+0000] {processor.py:914} INFO - Processing file /opt/airflow/dags/vital_signs_dag.py for tasks to queue
[2025-04-16T15:38:35.465+0000] {logging_mixin.py:190} INFO - [2025-04-16T15:38:35.464+0000] {dagbag.py:588} INFO - Filling up the DagBag from /opt/airflow/dags/vital_signs_dag.py
[2025-04-16T15:38:35.736+0000] {processor.py:925} INFO - DAG(s) 'vital_signs' retrieved from /opt/airflow/dags/vital_signs_dag.py
[2025-04-16T15:38:35.862+0000] {logging_mixin.py:190} INFO - [2025-04-16T15:38:35.861+0000] {dag.py:3239} INFO - Sync 1 DAGs
[2025-04-16T15:38:35.908+0000] {logging_mixin.py:190} INFO - [2025-04-16T15:38:35.908+0000] {dag.py:4180} INFO - Setting next_dagrun for vital_signs to 2025-05-01 00:00:00+00:00, run_after=2025-06-01 00:00:00+00:00
[2025-04-16T15:38:35.942+0000] {processor.py:208} INFO - Processing /opt/airflow/dags/vital_signs_dag.py took 0.495 seconds
[2025-04-16T15:39:06.230+0000] {processor.py:186} INFO - Started process (PID=176) to work on /opt/airflow/dags/vital_signs_dag.py
[2025-04-16T15:39:06.239+0000] {processor.py:914} INFO - Processing file /opt/airflow/dags/vital_signs_dag.py for tasks to queue
[2025-04-16T15:39:06.243+0000] {logging_mixin.py:190} INFO - [2025-04-16T15:39:06.243+0000] {dagbag.py:588} INFO - Filling up the DagBag from /opt/airflow/dags/vital_signs_dag.py
[2025-04-16T15:39:06.488+0000] {processor.py:925} INFO - DAG(s) 'vital_signs' retrieved from /opt/airflow/dags/vital_signs_dag.py
[2025-04-16T15:39:06.562+0000] {logging_mixin.py:190} INFO - [2025-04-16T15:39:06.561+0000] {dag.py:3239} INFO - Sync 1 DAGs
[2025-04-16T15:39:06.609+0000] {logging_mixin.py:190} INFO - [2025-04-16T15:39:06.609+0000] {dag.py:4180} INFO - Setting next_dagrun for vital_signs to 2025-05-01 00:00:00+00:00, run_after=2025-06-01 00:00:00+00:00
[2025-04-16T15:39:06.662+0000] {processor.py:208} INFO - Processing /opt/airflow/dags/vital_signs_dag.py took 0.442 seconds
[2025-04-16T15:39:36.942+0000] {processor.py:186} INFO - Started process (PID=181) to work on /opt/airflow/dags/vital_signs_dag.py
[2025-04-16T15:39:36.952+0000] {processor.py:914} INFO - Processing file /opt/airflow/dags/vital_signs_dag.py for tasks to queue
[2025-04-16T15:39:36.956+0000] {logging_mixin.py:190} INFO - [2025-04-16T15:39:36.955+0000] {dagbag.py:588} INFO - Filling up the DagBag from /opt/airflow/dags/vital_signs_dag.py
[2025-04-16T15:39:37.208+0000] {processor.py:925} INFO - DAG(s) 'vital_signs' retrieved from /opt/airflow/dags/vital_signs_dag.py
[2025-04-16T15:39:37.274+0000] {logging_mixin.py:190} INFO - [2025-04-16T15:39:37.273+0000] {dag.py:3239} INFO - Sync 1 DAGs
[2025-04-16T15:39:37.348+0000] {logging_mixin.py:190} INFO - [2025-04-16T15:39:37.347+0000] {dag.py:4180} INFO - Setting next_dagrun for vital_signs to 2025-05-01 00:00:00+00:00, run_after=2025-06-01 00:00:00+00:00
[2025-04-16T15:39:37.388+0000] {processor.py:208} INFO - Processing /opt/airflow/dags/vital_signs_dag.py took 0.457 seconds
[2025-04-16T15:40:07.666+0000] {processor.py:186} INFO - Started process (PID=186) to work on /opt/airflow/dags/vital_signs_dag.py
[2025-04-16T15:40:07.668+0000] {processor.py:914} INFO - Processing file /opt/airflow/dags/vital_signs_dag.py for tasks to queue
[2025-04-16T15:40:07.672+0000] {logging_mixin.py:190} INFO - [2025-04-16T15:40:07.671+0000] {dagbag.py:588} INFO - Filling up the DagBag from /opt/airflow/dags/vital_signs_dag.py
[2025-04-16T15:40:08.010+0000] {processor.py:925} INFO - DAG(s) 'vital_signs' retrieved from /opt/airflow/dags/vital_signs_dag.py
[2025-04-16T15:40:08.090+0000] {logging_mixin.py:190} INFO - [2025-04-16T15:40:08.089+0000] {dag.py:3239} INFO - Sync 1 DAGs
[2025-04-16T15:40:08.138+0000] {logging_mixin.py:190} INFO - [2025-04-16T15:40:08.137+0000] {dag.py:4180} INFO - Setting next_dagrun for vital_signs to 2025-05-01 00:00:00+00:00, run_after=2025-06-01 00:00:00+00:00
[2025-04-16T15:40:08.181+0000] {processor.py:208} INFO - Processing /opt/airflow/dags/vital_signs_dag.py took 0.535 seconds
