[2025-04-14T21:35:58.921+0200] {processor.py:186} INFO - Started process (PID=37788) to work on /home/pata/Scrivania/tirocinio/airflow/dags/vital_signs_dag.py
[2025-04-14T21:35:58.922+0200] {processor.py:914} INFO - Processing file /home/pata/Scrivania/tirocinio/airflow/dags/vital_signs_dag.py for tasks to queue
[2025-04-14T21:35:58.924+0200] {logging_mixin.py:190} INFO - [2025-04-14T21:35:58.924+0200] {dagbag.py:588} INFO - Filling up the DagBag from /home/pata/Scrivania/tirocinio/airflow/dags/vital_signs_dag.py
[2025-04-14T21:35:58.930+0200] {logging_mixin.py:190} INFO - [2025-04-14T21:35:58.928+0200] {dagbag.py:387} ERROR - Failed to import: /home/pata/Scrivania/tirocinio/airflow/dags/vital_signs_dag.py
Traceback (most recent call last):
  File "/home/pata/Scrivania/tirocinio/airflow/.venv/lib/python3.12/site-packages/airflow/models/dagbag.py", line 383, in parse
    loader.exec_module(new_module)
  File "<frozen importlib._bootstrap_external>", line 995, in exec_module
  File "<frozen importlib._bootstrap>", line 488, in _call_with_frames_removed
  File "/home/pata/Scrivania/tirocinio/airflow/dags/vital_signs_dag.py", line 10, in <module>
    from scripts import utils
ModuleNotFoundError: No module named 'scripts'
[2025-04-14T21:35:58.931+0200] {processor.py:927} WARNING - No viable dags retrieved from /home/pata/Scrivania/tirocinio/airflow/dags/vital_signs_dag.py
[2025-04-14T21:35:58.959+0200] {processor.py:208} INFO - Processing /home/pata/Scrivania/tirocinio/airflow/dags/vital_signs_dag.py took 0.048 seconds
[2025-04-14T21:51:30.152+0200] {processor.py:186} INFO - Started process (PID=38957) to work on /home/pata/Scrivania/tirocinio/airflow/dags/vital_signs_dag.py
[2025-04-14T21:51:30.152+0200] {processor.py:914} INFO - Processing file /home/pata/Scrivania/tirocinio/airflow/dags/vital_signs_dag.py for tasks to queue
[2025-04-14T21:51:30.154+0200] {logging_mixin.py:190} INFO - [2025-04-14T21:51:30.153+0200] {dagbag.py:588} INFO - Filling up the DagBag from /home/pata/Scrivania/tirocinio/airflow/dags/vital_signs_dag.py
[2025-04-14T21:51:30.235+0200] {processor.py:925} INFO - DAG(s) 'vital_signs' retrieved from /home/pata/Scrivania/tirocinio/airflow/dags/vital_signs_dag.py
[2025-04-14T21:51:30.353+0200] {logging_mixin.py:190} INFO - [2025-04-14T21:51:30.352+0200] {override.py:1912} INFO - Created Permission View: can delete on DAG:vital_signs
[2025-04-14T21:51:30.377+0200] {logging_mixin.py:190} INFO - [2025-04-14T21:51:30.377+0200] {override.py:1912} INFO - Created Permission View: can edit on DAG:vital_signs
[2025-04-14T21:51:30.397+0200] {logging_mixin.py:190} INFO - [2025-04-14T21:51:30.396+0200] {override.py:1912} INFO - Created Permission View: can read on DAG:vital_signs
[2025-04-14T21:51:30.426+0200] {logging_mixin.py:190} INFO - [2025-04-14T21:51:30.426+0200] {override.py:1912} INFO - Created Permission View: can delete on DAG Run:vital_signs
[2025-04-14T21:51:30.445+0200] {logging_mixin.py:190} INFO - [2025-04-14T21:51:30.444+0200] {override.py:1912} INFO - Created Permission View: menu access on DAG Run:vital_signs
[2025-04-14T21:51:30.463+0200] {logging_mixin.py:190} INFO - [2025-04-14T21:51:30.462+0200] {override.py:1912} INFO - Created Permission View: can create on DAG Run:vital_signs
[2025-04-14T21:51:30.482+0200] {logging_mixin.py:190} INFO - [2025-04-14T21:51:30.481+0200] {override.py:1912} INFO - Created Permission View: can read on DAG Run:vital_signs
[2025-04-14T21:51:30.483+0200] {logging_mixin.py:190} INFO - [2025-04-14T21:51:30.482+0200] {dag.py:3239} INFO - Sync 1 DAGs
[2025-04-14T21:51:30.501+0200] {logging_mixin.py:190} INFO - [2025-04-14T21:51:30.501+0200] {dag.py:3262} INFO - Creating ORM DAG for vital_signs
[2025-04-14T21:51:30.517+0200] {logging_mixin.py:190} INFO - [2025-04-14T21:51:30.517+0200] {dag.py:4180} INFO - Setting next_dagrun for vital_signs to 2025-05-01 00:00:00+00:00, run_after=2025-06-01 00:00:00+00:00
[2025-04-14T21:51:30.563+0200] {processor.py:208} INFO - Processing /home/pata/Scrivania/tirocinio/airflow/dags/vital_signs_dag.py took 0.415 seconds
[2025-04-14T22:11:50.361+0200] {processor.py:186} INFO - Started process (PID=40143) to work on /home/pata/Scrivania/tirocinio/airflow/dags/vital_signs_dag.py
[2025-04-14T22:11:50.362+0200] {processor.py:914} INFO - Processing file /home/pata/Scrivania/tirocinio/airflow/dags/vital_signs_dag.py for tasks to queue
[2025-04-14T22:11:50.364+0200] {logging_mixin.py:190} INFO - [2025-04-14T22:11:50.363+0200] {dagbag.py:588} INFO - Filling up the DagBag from /home/pata/Scrivania/tirocinio/airflow/dags/vital_signs_dag.py
[2025-04-14T22:11:50.462+0200] {processor.py:925} INFO - DAG(s) 'vital_signs' retrieved from /home/pata/Scrivania/tirocinio/airflow/dags/vital_signs_dag.py
[2025-04-14T22:11:50.481+0200] {logging_mixin.py:190} INFO - [2025-04-14T22:11:50.481+0200] {dag.py:3239} INFO - Sync 1 DAGs
[2025-04-14T22:11:50.497+0200] {logging_mixin.py:190} INFO - [2025-04-14T22:11:50.497+0200] {dag.py:4180} INFO - Setting next_dagrun for vital_signs to 2025-05-01 00:00:00+00:00, run_after=2025-06-01 00:00:00+00:00
[2025-04-14T22:11:50.529+0200] {processor.py:208} INFO - Processing /home/pata/Scrivania/tirocinio/airflow/dags/vital_signs_dag.py took 0.172 seconds
[2025-04-14T22:12:20.613+0200] {processor.py:186} INFO - Started process (PID=40166) to work on /home/pata/Scrivania/tirocinio/airflow/dags/vital_signs_dag.py
[2025-04-14T22:12:20.623+0200] {processor.py:914} INFO - Processing file /home/pata/Scrivania/tirocinio/airflow/dags/vital_signs_dag.py for tasks to queue
[2025-04-14T22:12:20.626+0200] {logging_mixin.py:190} INFO - [2025-04-14T22:12:20.625+0200] {dagbag.py:588} INFO - Filling up the DagBag from /home/pata/Scrivania/tirocinio/airflow/dags/vital_signs_dag.py
[2025-04-14T22:12:20.764+0200] {processor.py:925} INFO - DAG(s) 'vital_signs' retrieved from /home/pata/Scrivania/tirocinio/airflow/dags/vital_signs_dag.py
[2025-04-14T22:12:20.783+0200] {logging_mixin.py:190} INFO - [2025-04-14T22:12:20.783+0200] {dag.py:3239} INFO - Sync 1 DAGs
[2025-04-14T22:12:20.799+0200] {logging_mixin.py:190} INFO - [2025-04-14T22:12:20.799+0200] {dag.py:4180} INFO - Setting next_dagrun for vital_signs to 2025-05-01 00:00:00+00:00, run_after=2025-06-01 00:00:00+00:00
[2025-04-14T22:12:20.839+0200] {processor.py:208} INFO - Processing /home/pata/Scrivania/tirocinio/airflow/dags/vital_signs_dag.py took 0.234 seconds
[2025-04-14T22:12:51.342+0200] {processor.py:186} INFO - Started process (PID=40220) to work on /home/pata/Scrivania/tirocinio/airflow/dags/vital_signs_dag.py
[2025-04-14T22:12:51.351+0200] {processor.py:914} INFO - Processing file /home/pata/Scrivania/tirocinio/airflow/dags/vital_signs_dag.py for tasks to queue
[2025-04-14T22:12:51.354+0200] {logging_mixin.py:190} INFO - [2025-04-14T22:12:51.353+0200] {dagbag.py:588} INFO - Filling up the DagBag from /home/pata/Scrivania/tirocinio/airflow/dags/vital_signs_dag.py
[2025-04-14T22:12:51.457+0200] {processor.py:925} INFO - DAG(s) 'vital_signs' retrieved from /home/pata/Scrivania/tirocinio/airflow/dags/vital_signs_dag.py
[2025-04-14T22:12:51.475+0200] {logging_mixin.py:190} INFO - [2025-04-14T22:12:51.474+0200] {dag.py:3239} INFO - Sync 1 DAGs
[2025-04-14T22:12:51.491+0200] {logging_mixin.py:190} INFO - [2025-04-14T22:12:51.490+0200] {dag.py:4180} INFO - Setting next_dagrun for vital_signs to 2025-05-01 00:00:00+00:00, run_after=2025-06-01 00:00:00+00:00
[2025-04-14T22:12:51.517+0200] {processor.py:208} INFO - Processing /home/pata/Scrivania/tirocinio/airflow/dags/vital_signs_dag.py took 0.184 seconds
[2025-04-14T22:13:21.811+0200] {processor.py:186} INFO - Started process (PID=40241) to work on /home/pata/Scrivania/tirocinio/airflow/dags/vital_signs_dag.py
[2025-04-14T22:13:21.820+0200] {processor.py:914} INFO - Processing file /home/pata/Scrivania/tirocinio/airflow/dags/vital_signs_dag.py for tasks to queue
[2025-04-14T22:13:21.824+0200] {logging_mixin.py:190} INFO - [2025-04-14T22:13:21.823+0200] {dagbag.py:588} INFO - Filling up the DagBag from /home/pata/Scrivania/tirocinio/airflow/dags/vital_signs_dag.py
[2025-04-14T22:13:21.928+0200] {processor.py:925} INFO - DAG(s) 'vital_signs' retrieved from /home/pata/Scrivania/tirocinio/airflow/dags/vital_signs_dag.py
[2025-04-14T22:13:21.946+0200] {logging_mixin.py:190} INFO - [2025-04-14T22:13:21.945+0200] {dag.py:3239} INFO - Sync 1 DAGs
[2025-04-14T22:13:21.961+0200] {logging_mixin.py:190} INFO - [2025-04-14T22:13:21.961+0200] {dag.py:4180} INFO - Setting next_dagrun for vital_signs to 2025-05-01 00:00:00+00:00, run_after=2025-06-01 00:00:00+00:00
[2025-04-14T22:13:21.982+0200] {processor.py:208} INFO - Processing /home/pata/Scrivania/tirocinio/airflow/dags/vital_signs_dag.py took 0.181 seconds
[2025-04-14T22:13:52.482+0200] {processor.py:186} INFO - Started process (PID=40285) to work on /home/pata/Scrivania/tirocinio/airflow/dags/vital_signs_dag.py
[2025-04-14T22:13:52.491+0200] {processor.py:914} INFO - Processing file /home/pata/Scrivania/tirocinio/airflow/dags/vital_signs_dag.py for tasks to queue
[2025-04-14T22:13:52.495+0200] {logging_mixin.py:190} INFO - [2025-04-14T22:13:52.494+0200] {dagbag.py:588} INFO - Filling up the DagBag from /home/pata/Scrivania/tirocinio/airflow/dags/vital_signs_dag.py
[2025-04-14T22:13:52.599+0200] {processor.py:925} INFO - DAG(s) 'vital_signs' retrieved from /home/pata/Scrivania/tirocinio/airflow/dags/vital_signs_dag.py
[2025-04-14T22:13:52.618+0200] {logging_mixin.py:190} INFO - [2025-04-14T22:13:52.617+0200] {dag.py:3239} INFO - Sync 1 DAGs
[2025-04-14T22:13:52.633+0200] {logging_mixin.py:190} INFO - [2025-04-14T22:13:52.633+0200] {dag.py:4180} INFO - Setting next_dagrun for vital_signs to 2025-05-01 00:00:00+00:00, run_after=2025-06-01 00:00:00+00:00
[2025-04-14T22:13:52.665+0200] {processor.py:208} INFO - Processing /home/pata/Scrivania/tirocinio/airflow/dags/vital_signs_dag.py took 0.192 seconds
[2025-04-14T22:14:23.075+0200] {processor.py:186} INFO - Started process (PID=40306) to work on /home/pata/Scrivania/tirocinio/airflow/dags/vital_signs_dag.py
[2025-04-14T22:14:23.085+0200] {processor.py:914} INFO - Processing file /home/pata/Scrivania/tirocinio/airflow/dags/vital_signs_dag.py for tasks to queue
[2025-04-14T22:14:23.088+0200] {logging_mixin.py:190} INFO - [2025-04-14T22:14:23.087+0200] {dagbag.py:588} INFO - Filling up the DagBag from /home/pata/Scrivania/tirocinio/airflow/dags/vital_signs_dag.py
[2025-04-14T22:14:23.190+0200] {processor.py:925} INFO - DAG(s) 'vital_signs' retrieved from /home/pata/Scrivania/tirocinio/airflow/dags/vital_signs_dag.py
[2025-04-14T22:14:23.207+0200] {logging_mixin.py:190} INFO - [2025-04-14T22:14:23.207+0200] {dag.py:3239} INFO - Sync 1 DAGs
[2025-04-14T22:14:23.223+0200] {logging_mixin.py:190} INFO - [2025-04-14T22:14:23.223+0200] {dag.py:4180} INFO - Setting next_dagrun for vital_signs to 2025-05-01 00:00:00+00:00, run_after=2025-06-01 00:00:00+00:00
[2025-04-14T22:14:23.248+0200] {processor.py:208} INFO - Processing /home/pata/Scrivania/tirocinio/airflow/dags/vital_signs_dag.py took 0.182 seconds
[2025-04-14T22:14:53.291+0200] {processor.py:186} INFO - Started process (PID=40327) to work on /home/pata/Scrivania/tirocinio/airflow/dags/vital_signs_dag.py
[2025-04-14T22:14:53.300+0200] {processor.py:914} INFO - Processing file /home/pata/Scrivania/tirocinio/airflow/dags/vital_signs_dag.py for tasks to queue
[2025-04-14T22:14:53.303+0200] {logging_mixin.py:190} INFO - [2025-04-14T22:14:53.302+0200] {dagbag.py:588} INFO - Filling up the DagBag from /home/pata/Scrivania/tirocinio/airflow/dags/vital_signs_dag.py
[2025-04-14T22:14:53.408+0200] {processor.py:925} INFO - DAG(s) 'vital_signs' retrieved from /home/pata/Scrivania/tirocinio/airflow/dags/vital_signs_dag.py
[2025-04-14T22:14:53.429+0200] {logging_mixin.py:190} INFO - [2025-04-14T22:14:53.428+0200] {dag.py:3239} INFO - Sync 1 DAGs
[2025-04-14T22:14:53.445+0200] {logging_mixin.py:190} INFO - [2025-04-14T22:14:53.445+0200] {dag.py:4180} INFO - Setting next_dagrun for vital_signs to 2025-05-01 00:00:00+00:00, run_after=2025-06-01 00:00:00+00:00
[2025-04-14T22:14:53.481+0200] {processor.py:208} INFO - Processing /home/pata/Scrivania/tirocinio/airflow/dags/vital_signs_dag.py took 0.199 seconds
[2025-04-14T22:15:24.163+0200] {processor.py:186} INFO - Started process (PID=40349) to work on /home/pata/Scrivania/tirocinio/airflow/dags/vital_signs_dag.py
[2025-04-14T22:15:24.172+0200] {processor.py:914} INFO - Processing file /home/pata/Scrivania/tirocinio/airflow/dags/vital_signs_dag.py for tasks to queue
[2025-04-14T22:15:24.174+0200] {logging_mixin.py:190} INFO - [2025-04-14T22:15:24.173+0200] {dagbag.py:588} INFO - Filling up the DagBag from /home/pata/Scrivania/tirocinio/airflow/dags/vital_signs_dag.py
[2025-04-14T22:15:24.254+0200] {processor.py:925} INFO - DAG(s) 'vital_signs' retrieved from /home/pata/Scrivania/tirocinio/airflow/dags/vital_signs_dag.py
[2025-04-14T22:15:24.273+0200] {logging_mixin.py:190} INFO - [2025-04-14T22:15:24.273+0200] {dag.py:3239} INFO - Sync 1 DAGs
[2025-04-14T22:15:24.290+0200] {logging_mixin.py:190} INFO - [2025-04-14T22:15:24.290+0200] {dag.py:4180} INFO - Setting next_dagrun for vital_signs to 2025-05-01 00:00:00+00:00, run_after=2025-06-01 00:00:00+00:00
[2025-04-14T22:15:24.324+0200] {processor.py:208} INFO - Processing /home/pata/Scrivania/tirocinio/airflow/dags/vital_signs_dag.py took 0.165 seconds
[2025-04-14T22:15:54.636+0200] {processor.py:186} INFO - Started process (PID=40367) to work on /home/pata/Scrivania/tirocinio/airflow/dags/vital_signs_dag.py
[2025-04-14T22:15:54.645+0200] {processor.py:914} INFO - Processing file /home/pata/Scrivania/tirocinio/airflow/dags/vital_signs_dag.py for tasks to queue
[2025-04-14T22:15:54.648+0200] {logging_mixin.py:190} INFO - [2025-04-14T22:15:54.648+0200] {dagbag.py:588} INFO - Filling up the DagBag from /home/pata/Scrivania/tirocinio/airflow/dags/vital_signs_dag.py
[2025-04-14T22:15:54.752+0200] {processor.py:925} INFO - DAG(s) 'vital_signs' retrieved from /home/pata/Scrivania/tirocinio/airflow/dags/vital_signs_dag.py
[2025-04-14T22:15:54.769+0200] {logging_mixin.py:190} INFO - [2025-04-14T22:15:54.769+0200] {dag.py:3239} INFO - Sync 1 DAGs
[2025-04-14T22:15:54.785+0200] {logging_mixin.py:190} INFO - [2025-04-14T22:15:54.784+0200] {dag.py:4180} INFO - Setting next_dagrun for vital_signs to 2025-05-01 00:00:00+00:00, run_after=2025-06-01 00:00:00+00:00
[2025-04-14T22:15:54.822+0200] {processor.py:208} INFO - Processing /home/pata/Scrivania/tirocinio/airflow/dags/vital_signs_dag.py took 0.195 seconds
[2025-04-14T22:16:25.319+0200] {processor.py:186} INFO - Started process (PID=40385) to work on /home/pata/Scrivania/tirocinio/airflow/dags/vital_signs_dag.py
[2025-04-14T22:16:25.320+0200] {processor.py:914} INFO - Processing file /home/pata/Scrivania/tirocinio/airflow/dags/vital_signs_dag.py for tasks to queue
[2025-04-14T22:16:25.324+0200] {logging_mixin.py:190} INFO - [2025-04-14T22:16:25.324+0200] {dagbag.py:588} INFO - Filling up the DagBag from /home/pata/Scrivania/tirocinio/airflow/dags/vital_signs_dag.py
[2025-04-14T22:16:25.427+0200] {processor.py:925} INFO - DAG(s) 'vital_signs' retrieved from /home/pata/Scrivania/tirocinio/airflow/dags/vital_signs_dag.py
[2025-04-14T22:16:25.445+0200] {logging_mixin.py:190} INFO - [2025-04-14T22:16:25.445+0200] {dag.py:3239} INFO - Sync 1 DAGs
[2025-04-14T22:16:25.462+0200] {logging_mixin.py:190} INFO - [2025-04-14T22:16:25.461+0200] {dag.py:4180} INFO - Setting next_dagrun for vital_signs to 2025-05-01 00:00:00+00:00, run_after=2025-06-01 00:00:00+00:00
[2025-04-14T22:16:25.507+0200] {processor.py:208} INFO - Processing /home/pata/Scrivania/tirocinio/airflow/dags/vital_signs_dag.py took 0.197 seconds
